2023-08-14T12:15:12.697+05:30  INFO 86672 --- [restartedMain] c.s.c.s.SaleCampaignApplication          : Starting SaleCampaignApplication using Java 17.0.8 with PID 86672 (/Users/user/Downloads/sale-campaign/target/classes started by user in /Users/user/Downloads/sale-campaign)
2023-08-14T12:15:12.742+05:30  INFO 86672 --- [restartedMain] c.s.c.s.SaleCampaignApplication          : No active profile set, falling back to 1 default profile: "default"
2023-08-14T12:15:12.843+05:30  INFO 86672 --- [restartedMain] .e.DevToolsPropertyDefaultsPostProcessor : Devtools property defaults active! Set 'spring.devtools.add-properties' to 'false' to disable
2023-08-14T12:15:12.843+05:30  INFO 86672 --- [restartedMain] .e.DevToolsPropertyDefaultsPostProcessor : For additional web related logging consider setting the 'logging.level.web' property to 'DEBUG'
2023-08-14T12:15:14.001+05:30  INFO 86672 --- [restartedMain] .s.d.r.c.RepositoryConfigurationDelegate : Bootstrapping Spring Data JPA repositories in DEFAULT mode.
2023-08-14T12:15:14.116+05:30  INFO 86672 --- [restartedMain] .s.d.r.c.RepositoryConfigurationDelegate : Finished Spring Data repository scanning in 104 ms. Found 3 JPA repository interfaces.
2023-08-14T12:15:15.566+05:30  INFO 86672 --- [restartedMain] o.s.b.w.embedded.tomcat.TomcatWebServer  : Tomcat initialized with port(s): 8080 (http)
2023-08-14T12:15:15.579+05:30  INFO 86672 --- [restartedMain] o.apache.catalina.core.StandardService   : Starting service [Tomcat]
2023-08-14T12:15:15.579+05:30  INFO 86672 --- [restartedMain] o.apache.catalina.core.StandardEngine    : Starting Servlet engine: [Apache Tomcat/10.1.11]
2023-08-14T12:15:15.677+05:30  INFO 86672 --- [restartedMain] o.a.c.c.C.[Tomcat].[localhost].[/]       : Initializing Spring embedded WebApplicationContext
2023-08-14T12:15:15.678+05:30  INFO 86672 --- [restartedMain] w.s.c.ServletWebServerApplicationContext : Root WebApplicationContext: initialization completed in 2834 ms
2023-08-14T12:15:15.781+05:30  INFO 86672 --- [restartedMain] com.zaxxer.hikari.HikariDataSource       : HikariPool-1 - Starting...
2023-08-14T12:15:15.953+05:30  INFO 86672 --- [restartedMain] com.zaxxer.hikari.pool.HikariPool        : HikariPool-1 - Added connection conn0: url=jdbc:h2:mem:1fe79812-40f5-4934-a0e5-0065e9ade126 user=SA
2023-08-14T12:15:15.955+05:30  INFO 86672 --- [restartedMain] com.zaxxer.hikari.HikariDataSource       : HikariPool-1 - Start completed.
2023-08-14T12:15:15.982+05:30  INFO 86672 --- [restartedMain] o.s.b.a.h2.H2ConsoleAutoConfiguration    : H2 console available at '/h2-console'. Database available at 'jdbc:h2:mem:1fe79812-40f5-4934-a0e5-0065e9ade126'
2023-08-14T12:15:16.237+05:30  INFO 86672 --- [restartedMain] o.hibernate.jpa.internal.util.LogHelper  : HHH000204: Processing PersistenceUnitInfo [name: default]
2023-08-14T12:15:16.282+05:30  INFO 86672 --- [restartedMain] org.hibernate.Version                    : HHH000412: Hibernate ORM core version 6.2.6.Final
2023-08-14T12:15:16.284+05:30  INFO 86672 --- [restartedMain] org.hibernate.cfg.Environment            : HHH000406: Using bytecode reflection optimizer
2023-08-14T12:15:16.456+05:30  INFO 86672 --- [restartedMain] o.h.b.i.BytecodeProviderInitiator        : HHH000021: Bytecode provider name : bytebuddy
2023-08-14T12:15:16.573+05:30  INFO 86672 --- [restartedMain] o.s.o.j.p.SpringPersistenceUnitInfo      : No LoadTimeWeaver setup: ignoring JPA class transformer
2023-08-14T12:15:16.861+05:30  INFO 86672 --- [restartedMain] o.h.b.i.BytecodeProviderInitiator        : HHH000021: Bytecode provider name : bytebuddy
2023-08-14T12:15:17.632+05:30  INFO 86672 --- [restartedMain] o.h.e.t.j.p.i.JtaPlatformInitiator       : HHH000490: Using JtaPlatform implementation: [org.hibernate.engine.transaction.jta.platform.internal.NoJtaPlatform]
2023-08-14T12:15:17.706+05:30  INFO 86672 --- [restartedMain] j.LocalContainerEntityManagerFactoryBean : Initialized JPA EntityManagerFactory for persistence unit 'default'
2023-08-14T12:15:18.389+05:30  WARN 86672 --- [restartedMain] JpaBaseConfiguration$JpaWebConfiguration : spring.jpa.open-in-view is enabled by default. Therefore, database queries may be performed during view rendering. Explicitly configure spring.jpa.open-in-view to disable this warning
2023-08-14T12:15:18.882+05:30  INFO 86672 --- [restartedMain] o.s.b.d.a.OptionalLiveReloadServer       : LiveReload server is running on port 35729
2023-08-14T12:15:18.932+05:30  INFO 86672 --- [restartedMain] o.s.b.w.embedded.tomcat.TomcatWebServer  : Tomcat started on port(s): 8080 (http) with context path ''
2023-08-14T12:15:18.996+05:30  INFO 86672 --- [restartedMain] c.s.c.s.SaleCampaignApplication          : Started SaleCampaignApplication in 7.035 seconds (process running for 7.874)
2023-08-14T12:15:58.939+05:30  INFO 86672 --- [http-nio-8080-exec-2] o.a.c.c.C.[Tomcat].[localhost].[/]       : Initializing Spring DispatcherServlet 'dispatcherServlet'
2023-08-14T12:15:58.940+05:30  INFO 86672 --- [http-nio-8080-exec-2] o.s.web.servlet.DispatcherServlet        : Initializing Servlet 'dispatcherServlet'
2023-08-14T12:15:58.947+05:30  INFO 86672 --- [http-nio-8080-exec-2] o.s.web.servlet.DispatcherServlet        : Completed initialization in 6 ms
2023-08-14T12:16:40.576+05:30  INFO 86672 --- [http-nio-8080-exec-4] c.s.c.s.service.CampaignServiceImpl      : Retrieved 6 campaigns
2023-08-14T12:18:55.256+05:30  INFO 86672 --- [SpringApplicationShutdownHook] j.LocalContainerEntityManagerFactoryBean : Closing JPA EntityManagerFactory for persistence unit 'default'
2023-08-14T12:18:55.487+05:30  WARN 86672 --- [SpringApplicationShutdownHook] o.s.b.f.support.DisposableBeanAdapter    : Invocation of destroy method failed on bean with name 'inMemoryDatabaseShutdownExecutor': org.h2.jdbc.JdbcSQLNonTransientConnectionException: Database is already closed (to disable automatic closing at VM shutdown, add ";DB_CLOSE_ON_EXIT=FALSE" to the db URL) [90121-214]
2023-08-14T12:18:55.489+05:30  INFO 86672 --- [SpringApplicationShutdownHook] com.zaxxer.hikari.HikariDataSource       : HikariPool-1 - Shutdown initiated...
2023-08-14T12:18:55.494+05:30  INFO 86672 --- [SpringApplicationShutdownHook] com.zaxxer.hikari.HikariDataSource       : HikariPool-1 - Shutdown completed.
2023-08-14T12:19:01.878+05:30  INFO 86746 --- [restartedMain] c.s.c.s.SaleCampaignApplication          : Starting SaleCampaignApplication using Java 17.0.8 with PID 86746 (/Users/user/Downloads/sale-campaign/target/classes started by user in /Users/user/Downloads/sale-campaign)
2023-08-14T12:19:01.885+05:30  INFO 86746 --- [restartedMain] c.s.c.s.SaleCampaignApplication          : No active profile set, falling back to 1 default profile: "default"
2023-08-14T12:19:01.991+05:30  INFO 86746 --- [restartedMain] .e.DevToolsPropertyDefaultsPostProcessor : Devtools property defaults active! Set 'spring.devtools.add-properties' to 'false' to disable
2023-08-14T12:19:01.992+05:30  INFO 86746 --- [restartedMain] .e.DevToolsPropertyDefaultsPostProcessor : For additional web related logging consider setting the 'logging.level.web' property to 'DEBUG'
2023-08-14T12:19:03.163+05:30  INFO 86746 --- [restartedMain] .s.d.r.c.RepositoryConfigurationDelegate : Bootstrapping Spring Data JPA repositories in DEFAULT mode.
2023-08-14T12:19:03.280+05:30  INFO 86746 --- [restartedMain] .s.d.r.c.RepositoryConfigurationDelegate : Finished Spring Data repository scanning in 108 ms. Found 3 JPA repository interfaces.
2023-08-14T12:19:04.606+05:30  INFO 86746 --- [restartedMain] o.s.b.w.embedded.tomcat.TomcatWebServer  : Tomcat initialized with port(s): 8080 (http)
2023-08-14T12:19:04.618+05:30  INFO 86746 --- [restartedMain] o.apache.catalina.core.StandardService   : Starting service [Tomcat]
2023-08-14T12:19:04.618+05:30  INFO 86746 --- [restartedMain] o.apache.catalina.core.StandardEngine    : Starting Servlet engine: [Apache Tomcat/10.1.11]
2023-08-14T12:19:04.742+05:30  INFO 86746 --- [restartedMain] o.a.c.c.C.[Tomcat].[localhost].[/]       : Initializing Spring embedded WebApplicationContext
2023-08-14T12:19:04.742+05:30  INFO 86746 --- [restartedMain] w.s.c.ServletWebServerApplicationContext : Root WebApplicationContext: initialization completed in 2750 ms
2023-08-14T12:19:04.851+05:30  INFO 86746 --- [restartedMain] com.zaxxer.hikari.HikariDataSource       : HikariPool-1 - Starting...
2023-08-14T12:19:05.009+05:30  INFO 86746 --- [restartedMain] com.zaxxer.hikari.pool.HikariPool        : HikariPool-1 - Added connection conn0: url=jdbc:h2:mem:080c4c57-a61f-428e-adb3-bb134513e60d user=SA
2023-08-14T12:19:05.011+05:30  INFO 86746 --- [restartedMain] com.zaxxer.hikari.HikariDataSource       : HikariPool-1 - Start completed.
2023-08-14T12:19:05.038+05:30  INFO 86746 --- [restartedMain] o.s.b.a.h2.H2ConsoleAutoConfiguration    : H2 console available at '/h2-console'. Database available at 'jdbc:h2:mem:080c4c57-a61f-428e-adb3-bb134513e60d'
2023-08-14T12:19:05.316+05:30  INFO 86746 --- [restartedMain] o.hibernate.jpa.internal.util.LogHelper  : HHH000204: Processing PersistenceUnitInfo [name: default]
2023-08-14T12:19:05.355+05:30  INFO 86746 --- [restartedMain] org.hibernate.Version                    : HHH000412: Hibernate ORM core version 6.2.6.Final
2023-08-14T12:19:05.357+05:30  INFO 86746 --- [restartedMain] org.hibernate.cfg.Environment            : HHH000406: Using bytecode reflection optimizer
2023-08-14T12:19:05.514+05:30  INFO 86746 --- [restartedMain] o.h.b.i.BytecodeProviderInitiator        : HHH000021: Bytecode provider name : bytebuddy
2023-08-14T12:19:05.631+05:30  INFO 86746 --- [restartedMain] o.s.o.j.p.SpringPersistenceUnitInfo      : No LoadTimeWeaver setup: ignoring JPA class transformer
2023-08-14T12:19:05.952+05:30  INFO 86746 --- [restartedMain] o.h.b.i.BytecodeProviderInitiator        : HHH000021: Bytecode provider name : bytebuddy
2023-08-14T12:19:06.840+05:30  INFO 86746 --- [restartedMain] o.h.e.t.j.p.i.JtaPlatformInitiator       : HHH000490: Using JtaPlatform implementation: [org.hibernate.engine.transaction.jta.platform.internal.NoJtaPlatform]
2023-08-14T12:19:06.906+05:30  INFO 86746 --- [restartedMain] j.LocalContainerEntityManagerFactoryBean : Initialized JPA EntityManagerFactory for persistence unit 'default'
2023-08-14T12:19:07.586+05:30  WARN 86746 --- [restartedMain] JpaBaseConfiguration$JpaWebConfiguration : spring.jpa.open-in-view is enabled by default. Therefore, database queries may be performed during view rendering. Explicitly configure spring.jpa.open-in-view to disable this warning
2023-08-14T12:19:08.111+05:30  INFO 86746 --- [restartedMain] o.s.b.d.a.OptionalLiveReloadServer       : LiveReload server is running on port 35729
2023-08-14T12:19:08.155+05:30  INFO 86746 --- [restartedMain] o.s.b.w.embedded.tomcat.TomcatWebServer  : Tomcat started on port(s): 8080 (http) with context path ''
2023-08-14T12:19:08.173+05:30  INFO 86746 --- [restartedMain] c.s.c.s.SaleCampaignApplication          : Started SaleCampaignApplication in 6.994 seconds (process running for 7.851)
2023-08-14T12:19:30.886+05:30  INFO 86746 --- [http-nio-8080-exec-3] o.a.c.c.C.[Tomcat].[localhost].[/]       : Initializing Spring DispatcherServlet 'dispatcherServlet'
2023-08-14T12:19:30.888+05:30  INFO 86746 --- [http-nio-8080-exec-3] o.s.web.servlet.DispatcherServlet        : Initializing Servlet 'dispatcherServlet'
2023-08-14T12:19:30.891+05:30  INFO 86746 --- [http-nio-8080-exec-3] o.s.web.servlet.DispatcherServlet        : Completed initialization in 3 ms
2023-08-14T12:19:35.165+05:30  INFO 86746 --- [http-nio-8080-exec-1] c.s.c.s.service.CampaignServiceImpl      : Retrieved 5 campaigns
2023-08-14T12:19:44.656+05:30  INFO 86746 --- [http-nio-8080-exec-4] c.s.c.s.service.ProductServiceImpl       : Retrieved page 1 of products, containing 4 items
2023-08-14T12:27:37.471+05:30  INFO 86746 --- [SpringApplicationShutdownHook] j.LocalContainerEntityManagerFactoryBean : Closing JPA EntityManagerFactory for persistence unit 'default'
2023-08-14T12:27:37.709+05:30  WARN 86746 --- [SpringApplicationShutdownHook] o.s.b.f.support.DisposableBeanAdapter    : Invocation of destroy method failed on bean with name 'inMemoryDatabaseShutdownExecutor': org.h2.jdbc.JdbcSQLNonTransientConnectionException: Database is already closed (to disable automatic closing at VM shutdown, add ";DB_CLOSE_ON_EXIT=FALSE" to the db URL) [90121-214]
2023-08-14T12:27:37.710+05:30  INFO 86746 --- [SpringApplicationShutdownHook] com.zaxxer.hikari.HikariDataSource       : HikariPool-1 - Shutdown initiated...
2023-08-14T12:27:37.715+05:30  INFO 86746 --- [SpringApplicationShutdownHook] com.zaxxer.hikari.HikariDataSource       : HikariPool-1 - Shutdown completed.
2023-08-14T12:27:44.141+05:30  INFO 87023 --- [restartedMain] c.s.c.s.SaleCampaignApplication          : Starting SaleCampaignApplication using Java 17.0.8 with PID 87023 (/Users/user/Downloads/sale-campaign/target/classes started by user in /Users/user/Downloads/sale-campaign)
2023-08-14T12:27:44.148+05:30  INFO 87023 --- [restartedMain] c.s.c.s.SaleCampaignApplication          : No active profile set, falling back to 1 default profile: "default"
2023-08-14T12:27:44.256+05:30  INFO 87023 --- [restartedMain] .e.DevToolsPropertyDefaultsPostProcessor : Devtools property defaults active! Set 'spring.devtools.add-properties' to 'false' to disable
2023-08-14T12:27:44.257+05:30  INFO 87023 --- [restartedMain] .e.DevToolsPropertyDefaultsPostProcessor : For additional web related logging consider setting the 'logging.level.web' property to 'DEBUG'
2023-08-14T12:27:45.372+05:30  INFO 87023 --- [restartedMain] .s.d.r.c.RepositoryConfigurationDelegate : Bootstrapping Spring Data JPA repositories in DEFAULT mode.
2023-08-14T12:27:45.490+05:30  INFO 87023 --- [restartedMain] .s.d.r.c.RepositoryConfigurationDelegate : Finished Spring Data repository scanning in 109 ms. Found 3 JPA repository interfaces.
2023-08-14T12:27:46.871+05:30  INFO 87023 --- [restartedMain] o.s.b.w.embedded.tomcat.TomcatWebServer  : Tomcat initialized with port(s): 8080 (http)
2023-08-14T12:27:46.883+05:30  INFO 87023 --- [restartedMain] o.apache.catalina.core.StandardService   : Starting service [Tomcat]
2023-08-14T12:27:46.883+05:30  INFO 87023 --- [restartedMain] o.apache.catalina.core.StandardEngine    : Starting Servlet engine: [Apache Tomcat/10.1.11]
2023-08-14T12:27:46.985+05:30  INFO 87023 --- [restartedMain] o.a.c.c.C.[Tomcat].[localhost].[/]       : Initializing Spring embedded WebApplicationContext
2023-08-14T12:27:46.986+05:30  INFO 87023 --- [restartedMain] w.s.c.ServletWebServerApplicationContext : Root WebApplicationContext: initialization completed in 2728 ms
2023-08-14T12:27:47.074+05:30  INFO 87023 --- [restartedMain] com.zaxxer.hikari.HikariDataSource       : HikariPool-1 - Starting...
2023-08-14T12:27:47.235+05:30  INFO 87023 --- [restartedMain] com.zaxxer.hikari.pool.HikariPool        : HikariPool-1 - Added connection conn0: url=jdbc:h2:mem:af87a210-fa07-444a-87e7-97c4b50b8562 user=SA
2023-08-14T12:27:47.238+05:30  INFO 87023 --- [restartedMain] com.zaxxer.hikari.HikariDataSource       : HikariPool-1 - Start completed.
2023-08-14T12:27:47.270+05:30  INFO 87023 --- [restartedMain] o.s.b.a.h2.H2ConsoleAutoConfiguration    : H2 console available at '/h2-console'. Database available at 'jdbc:h2:mem:af87a210-fa07-444a-87e7-97c4b50b8562'
2023-08-14T12:27:47.515+05:30  INFO 87023 --- [restartedMain] o.hibernate.jpa.internal.util.LogHelper  : HHH000204: Processing PersistenceUnitInfo [name: default]
2023-08-14T12:27:47.555+05:30  INFO 87023 --- [restartedMain] org.hibernate.Version                    : HHH000412: Hibernate ORM core version 6.2.6.Final
2023-08-14T12:27:47.559+05:30  INFO 87023 --- [restartedMain] org.hibernate.cfg.Environment            : HHH000406: Using bytecode reflection optimizer
2023-08-14T12:27:47.733+05:30  INFO 87023 --- [restartedMain] o.h.b.i.BytecodeProviderInitiator        : HHH000021: Bytecode provider name : bytebuddy
2023-08-14T12:27:47.844+05:30  INFO 87023 --- [restartedMain] o.s.o.j.p.SpringPersistenceUnitInfo      : No LoadTimeWeaver setup: ignoring JPA class transformer
2023-08-14T12:27:48.163+05:30  INFO 87023 --- [restartedMain] o.h.b.i.BytecodeProviderInitiator        : HHH000021: Bytecode provider name : bytebuddy
2023-08-14T12:27:48.925+05:30  INFO 87023 --- [restartedMain] o.h.e.t.j.p.i.JtaPlatformInitiator       : HHH000490: Using JtaPlatform implementation: [org.hibernate.engine.transaction.jta.platform.internal.NoJtaPlatform]
2023-08-14T12:27:48.988+05:30  INFO 87023 --- [restartedMain] j.LocalContainerEntityManagerFactoryBean : Initialized JPA EntityManagerFactory for persistence unit 'default'
2023-08-14T12:27:49.689+05:30  WARN 87023 --- [restartedMain] JpaBaseConfiguration$JpaWebConfiguration : spring.jpa.open-in-view is enabled by default. Therefore, database queries may be performed during view rendering. Explicitly configure spring.jpa.open-in-view to disable this warning
2023-08-14T12:27:50.200+05:30  INFO 87023 --- [restartedMain] o.s.b.d.a.OptionalLiveReloadServer       : LiveReload server is running on port 35729
2023-08-14T12:27:50.251+05:30  INFO 87023 --- [restartedMain] o.s.b.w.embedded.tomcat.TomcatWebServer  : Tomcat started on port(s): 8080 (http) with context path ''
2023-08-14T12:27:50.269+05:30  INFO 87023 --- [restartedMain] c.s.c.s.SaleCampaignApplication          : Started SaleCampaignApplication in 6.853 seconds (process running for 7.689)
2023-08-14T12:28:19.856+05:30  INFO 87023 --- [http-nio-8080-exec-5] o.a.c.c.C.[Tomcat].[localhost].[/]       : Initializing Spring DispatcherServlet 'dispatcherServlet'
2023-08-14T12:28:19.857+05:30  INFO 87023 --- [http-nio-8080-exec-5] o.s.web.servlet.DispatcherServlet        : Initializing Servlet 'dispatcherServlet'
2023-08-14T12:28:19.863+05:30  INFO 87023 --- [http-nio-8080-exec-5] o.s.web.servlet.DispatcherServlet        : Completed initialization in 6 ms
2023-08-14T12:28:29.456+05:30  INFO 87023 --- [http-nio-8080-exec-6] c.s.c.s.service.CampaignServiceImpl      : Retrieved 5 campaigns
2023-08-14T12:32:04.753+05:30  INFO 87023 --- [SpringApplicationShutdownHook] j.LocalContainerEntityManagerFactoryBean : Closing JPA EntityManagerFactory for persistence unit 'default'
2023-08-14T12:32:04.984+05:30  WARN 87023 --- [SpringApplicationShutdownHook] o.s.b.f.support.DisposableBeanAdapter    : Invocation of destroy method failed on bean with name 'inMemoryDatabaseShutdownExecutor': org.h2.jdbc.JdbcSQLNonTransientConnectionException: Database is already closed (to disable automatic closing at VM shutdown, add ";DB_CLOSE_ON_EXIT=FALSE" to the db URL) [90121-214]
2023-08-14T12:32:04.986+05:30  INFO 87023 --- [SpringApplicationShutdownHook] com.zaxxer.hikari.HikariDataSource       : HikariPool-1 - Shutdown initiated...
2023-08-14T12:32:04.993+05:30  INFO 87023 --- [SpringApplicationShutdownHook] com.zaxxer.hikari.HikariDataSource       : HikariPool-1 - Shutdown completed.
2023-08-14T12:32:11.196+05:30  INFO 87105 --- [restartedMain] c.s.c.s.SaleCampaignApplication          : Starting SaleCampaignApplication using Java 17.0.8 with PID 87105 (/Users/user/Downloads/sale-campaign/target/classes started by user in /Users/user/Downloads/sale-campaign)
2023-08-14T12:32:11.228+05:30  INFO 87105 --- [restartedMain] c.s.c.s.SaleCampaignApplication          : No active profile set, falling back to 1 default profile: "default"
2023-08-14T12:32:11.333+05:30  INFO 87105 --- [restartedMain] .e.DevToolsPropertyDefaultsPostProcessor : Devtools property defaults active! Set 'spring.devtools.add-properties' to 'false' to disable
2023-08-14T12:32:11.333+05:30  INFO 87105 --- [restartedMain] .e.DevToolsPropertyDefaultsPostProcessor : For additional web related logging consider setting the 'logging.level.web' property to 'DEBUG'
2023-08-14T12:32:12.455+05:30  INFO 87105 --- [restartedMain] .s.d.r.c.RepositoryConfigurationDelegate : Bootstrapping Spring Data JPA repositories in DEFAULT mode.
2023-08-14T12:32:12.581+05:30  INFO 87105 --- [restartedMain] .s.d.r.c.RepositoryConfigurationDelegate : Finished Spring Data repository scanning in 117 ms. Found 3 JPA repository interfaces.
2023-08-14T12:32:13.993+05:30  INFO 87105 --- [restartedMain] o.s.b.w.embedded.tomcat.TomcatWebServer  : Tomcat initialized with port(s): 8080 (http)
2023-08-14T12:32:14.005+05:30  INFO 87105 --- [restartedMain] o.apache.catalina.core.StandardService   : Starting service [Tomcat]
2023-08-14T12:32:14.005+05:30  INFO 87105 --- [restartedMain] o.apache.catalina.core.StandardEngine    : Starting Servlet engine: [Apache Tomcat/10.1.11]
2023-08-14T12:32:14.104+05:30  INFO 87105 --- [restartedMain] o.a.c.c.C.[Tomcat].[localhost].[/]       : Initializing Spring embedded WebApplicationContext
2023-08-14T12:32:14.105+05:30  INFO 87105 --- [restartedMain] w.s.c.ServletWebServerApplicationContext : Root WebApplicationContext: initialization completed in 2771 ms
2023-08-14T12:32:14.201+05:30  INFO 87105 --- [restartedMain] com.zaxxer.hikari.HikariDataSource       : HikariPool-1 - Starting...
2023-08-14T12:32:14.368+05:30  INFO 87105 --- [restartedMain] com.zaxxer.hikari.pool.HikariPool        : HikariPool-1 - Added connection conn0: url=jdbc:h2:mem:4e12ca19-137e-4bbf-830d-14e0ffbe8bbc user=SA
2023-08-14T12:32:14.371+05:30  INFO 87105 --- [restartedMain] com.zaxxer.hikari.HikariDataSource       : HikariPool-1 - Start completed.
2023-08-14T12:32:14.400+05:30  INFO 87105 --- [restartedMain] o.s.b.a.h2.H2ConsoleAutoConfiguration    : H2 console available at '/h2-console'. Database available at 'jdbc:h2:mem:4e12ca19-137e-4bbf-830d-14e0ffbe8bbc'
2023-08-14T12:32:14.660+05:30  INFO 87105 --- [restartedMain] o.hibernate.jpa.internal.util.LogHelper  : HHH000204: Processing PersistenceUnitInfo [name: default]
2023-08-14T12:32:14.703+05:30  INFO 87105 --- [restartedMain] org.hibernate.Version                    : HHH000412: Hibernate ORM core version 6.2.6.Final
2023-08-14T12:32:14.706+05:30  INFO 87105 --- [restartedMain] org.hibernate.cfg.Environment            : HHH000406: Using bytecode reflection optimizer
2023-08-14T12:32:14.886+05:30  INFO 87105 --- [restartedMain] o.h.b.i.BytecodeProviderInitiator        : HHH000021: Bytecode provider name : bytebuddy
2023-08-14T12:32:14.999+05:30  INFO 87105 --- [restartedMain] o.s.o.j.p.SpringPersistenceUnitInfo      : No LoadTimeWeaver setup: ignoring JPA class transformer
2023-08-14T12:32:15.262+05:30  INFO 87105 --- [restartedMain] o.h.b.i.BytecodeProviderInitiator        : HHH000021: Bytecode provider name : bytebuddy
2023-08-14T12:32:16.066+05:30  INFO 87105 --- [restartedMain] o.h.e.t.j.p.i.JtaPlatformInitiator       : HHH000490: Using JtaPlatform implementation: [org.hibernate.engine.transaction.jta.platform.internal.NoJtaPlatform]
2023-08-14T12:32:16.129+05:30  INFO 87105 --- [restartedMain] j.LocalContainerEntityManagerFactoryBean : Initialized JPA EntityManagerFactory for persistence unit 'default'
2023-08-14T12:32:16.745+05:30  WARN 87105 --- [restartedMain] JpaBaseConfiguration$JpaWebConfiguration : spring.jpa.open-in-view is enabled by default. Therefore, database queries may be performed during view rendering. Explicitly configure spring.jpa.open-in-view to disable this warning
2023-08-14T12:32:17.223+05:30  INFO 87105 --- [restartedMain] o.s.b.d.a.OptionalLiveReloadServer       : LiveReload server is running on port 35729
2023-08-14T12:32:17.265+05:30  INFO 87105 --- [restartedMain] o.s.b.w.embedded.tomcat.TomcatWebServer  : Tomcat started on port(s): 8080 (http) with context path ''
2023-08-14T12:32:17.287+05:30  INFO 87105 --- [restartedMain] c.s.c.s.SaleCampaignApplication          : Started SaleCampaignApplication in 6.771 seconds (process running for 7.526)
2023-08-14T12:32:23.402+05:30  INFO 87105 --- [http-nio-8080-exec-6] o.a.c.c.C.[Tomcat].[localhost].[/]       : Initializing Spring DispatcherServlet 'dispatcherServlet'
2023-08-14T12:32:23.403+05:30  INFO 87105 --- [http-nio-8080-exec-6] o.s.web.servlet.DispatcherServlet        : Initializing Servlet 'dispatcherServlet'
2023-08-14T12:32:23.408+05:30  INFO 87105 --- [http-nio-8080-exec-6] o.s.web.servlet.DispatcherServlet        : Completed initialization in 4 ms
2023-08-14T12:32:26.410+05:30  INFO 87105 --- [http-nio-8080-exec-7] c.s.c.s.service.CampaignServiceImpl      : Retrieved 5 campaigns
2023-08-14T12:33:02.813+05:30  INFO 87105 --- [http-nio-8080-exec-5] c.s.c.s.service.CampaignServiceImpl      : Retrieved 1 past campaigns
2023-08-14T12:33:10.495+05:30  INFO 87105 --- [http-nio-8080-exec-9] c.s.c.s.service.CampaignServiceImpl      : Retrieved 4 upcoming campaigns
2023-08-14T12:46:25.652+05:30  INFO 87105 --- [SpringApplicationShutdownHook] j.LocalContainerEntityManagerFactoryBean : Closing JPA EntityManagerFactory for persistence unit 'default'
2023-08-14T12:46:25.882+05:30  WARN 87105 --- [SpringApplicationShutdownHook] o.s.b.f.support.DisposableBeanAdapter    : Invocation of destroy method failed on bean with name 'inMemoryDatabaseShutdownExecutor': org.h2.jdbc.JdbcSQLNonTransientConnectionException: Database is already closed (to disable automatic closing at VM shutdown, add ";DB_CLOSE_ON_EXIT=FALSE" to the db URL) [90121-214]
2023-08-14T12:46:25.884+05:30  INFO 87105 --- [SpringApplicationShutdownHook] com.zaxxer.hikari.HikariDataSource       : HikariPool-1 - Shutdown initiated...
2023-08-14T12:46:25.889+05:30  INFO 87105 --- [SpringApplicationShutdownHook] com.zaxxer.hikari.HikariDataSource       : HikariPool-1 - Shutdown completed.
2023-08-14T12:46:32.137+05:30  INFO 87443 --- [restartedMain] c.s.c.s.SaleCampaignApplication          : Starting SaleCampaignApplication using Java 17.0.8 with PID 87443 (/Users/user/Downloads/sale-campaign/target/classes started by user in /Users/user/Downloads/sale-campaign)
2023-08-14T12:46:32.141+05:30  INFO 87443 --- [restartedMain] c.s.c.s.SaleCampaignApplication          : No active profile set, falling back to 1 default profile: "default"
2023-08-14T12:46:32.280+05:30  INFO 87443 --- [restartedMain] .e.DevToolsPropertyDefaultsPostProcessor : Devtools property defaults active! Set 'spring.devtools.add-properties' to 'false' to disable
2023-08-14T12:46:32.281+05:30  INFO 87443 --- [restartedMain] .e.DevToolsPropertyDefaultsPostProcessor : For additional web related logging consider setting the 'logging.level.web' property to 'DEBUG'
2023-08-14T12:46:33.450+05:30  INFO 87443 --- [restartedMain] .s.d.r.c.RepositoryConfigurationDelegate : Bootstrapping Spring Data JPA repositories in DEFAULT mode.
2023-08-14T12:46:33.579+05:30  INFO 87443 --- [restartedMain] .s.d.r.c.RepositoryConfigurationDelegate : Finished Spring Data repository scanning in 119 ms. Found 3 JPA repository interfaces.
2023-08-14T12:46:35.004+05:30  INFO 87443 --- [restartedMain] o.s.b.w.embedded.tomcat.TomcatWebServer  : Tomcat initialized with port(s): 8080 (http)
2023-08-14T12:46:35.021+05:30  INFO 87443 --- [restartedMain] o.apache.catalina.core.StandardService   : Starting service [Tomcat]
2023-08-14T12:46:35.021+05:30  INFO 87443 --- [restartedMain] o.apache.catalina.core.StandardEngine    : Starting Servlet engine: [Apache Tomcat/10.1.11]
2023-08-14T12:46:35.131+05:30  INFO 87443 --- [restartedMain] o.a.c.c.C.[Tomcat].[localhost].[/]       : Initializing Spring embedded WebApplicationContext
2023-08-14T12:46:35.132+05:30  INFO 87443 --- [restartedMain] w.s.c.ServletWebServerApplicationContext : Root WebApplicationContext: initialization completed in 2851 ms
2023-08-14T12:46:35.216+05:30  INFO 87443 --- [restartedMain] com.zaxxer.hikari.HikariDataSource       : HikariPool-1 - Starting...
2023-08-14T12:46:35.381+05:30  INFO 87443 --- [restartedMain] com.zaxxer.hikari.pool.HikariPool        : HikariPool-1 - Added connection conn0: url=jdbc:h2:mem:d0750e3e-d57e-42b8-b162-4217fb09dfa0 user=SA
2023-08-14T12:46:35.383+05:30  INFO 87443 --- [restartedMain] com.zaxxer.hikari.HikariDataSource       : HikariPool-1 - Start completed.
2023-08-14T12:46:35.413+05:30  INFO 87443 --- [restartedMain] o.s.b.a.h2.H2ConsoleAutoConfiguration    : H2 console available at '/h2-console'. Database available at 'jdbc:h2:mem:d0750e3e-d57e-42b8-b162-4217fb09dfa0'
2023-08-14T12:46:35.673+05:30  INFO 87443 --- [restartedMain] o.hibernate.jpa.internal.util.LogHelper  : HHH000204: Processing PersistenceUnitInfo [name: default]
2023-08-14T12:46:35.714+05:30  INFO 87443 --- [restartedMain] org.hibernate.Version                    : HHH000412: Hibernate ORM core version 6.2.6.Final
2023-08-14T12:46:35.716+05:30  INFO 87443 --- [restartedMain] org.hibernate.cfg.Environment            : HHH000406: Using bytecode reflection optimizer
2023-08-14T12:46:35.877+05:30  INFO 87443 --- [restartedMain] o.h.b.i.BytecodeProviderInitiator        : HHH000021: Bytecode provider name : bytebuddy
2023-08-14T12:46:36.007+05:30  INFO 87443 --- [restartedMain] o.s.o.j.p.SpringPersistenceUnitInfo      : No LoadTimeWeaver setup: ignoring JPA class transformer
2023-08-14T12:46:36.427+05:30  INFO 87443 --- [restartedMain] o.h.b.i.BytecodeProviderInitiator        : HHH000021: Bytecode provider name : bytebuddy
2023-08-14T12:46:37.085+05:30  INFO 87443 --- [restartedMain] o.h.e.t.j.p.i.JtaPlatformInitiator       : HHH000490: Using JtaPlatform implementation: [org.hibernate.engine.transaction.jta.platform.internal.NoJtaPlatform]
2023-08-14T12:46:37.151+05:30  INFO 87443 --- [restartedMain] j.LocalContainerEntityManagerFactoryBean : Initialized JPA EntityManagerFactory for persistence unit 'default'
2023-08-14T12:46:37.775+05:30  WARN 87443 --- [restartedMain] JpaBaseConfiguration$JpaWebConfiguration : spring.jpa.open-in-view is enabled by default. Therefore, database queries may be performed during view rendering. Explicitly configure spring.jpa.open-in-view to disable this warning
2023-08-14T12:46:38.257+05:30  INFO 87443 --- [restartedMain] o.s.b.d.a.OptionalLiveReloadServer       : LiveReload server is running on port 35729
2023-08-14T12:46:38.304+05:30  INFO 87443 --- [restartedMain] o.s.b.w.embedded.tomcat.TomcatWebServer  : Tomcat started on port(s): 8080 (http) with context path ''
2023-08-14T12:46:38.327+05:30  INFO 87443 --- [restartedMain] c.s.c.s.SaleCampaignApplication          : Started SaleCampaignApplication in 7.012 seconds (process running for 7.806)
2023-08-14T12:46:45.526+05:30  INFO 87443 --- [http-nio-8080-exec-1] o.a.c.c.C.[Tomcat].[localhost].[/]       : Initializing Spring DispatcherServlet 'dispatcherServlet'
2023-08-14T12:46:45.527+05:30  INFO 87443 --- [http-nio-8080-exec-1] o.s.web.servlet.DispatcherServlet        : Initializing Servlet 'dispatcherServlet'
2023-08-14T12:46:45.531+05:30  INFO 87443 --- [http-nio-8080-exec-1] o.s.web.servlet.DispatcherServlet        : Completed initialization in 3 ms
2023-08-14T12:46:49.124+05:30  INFO 87443 --- [http-nio-8080-exec-2] c.s.c.s.service.CampaignServiceImpl      : Retrieved 4 upcoming campaigns
2023-08-14T12:46:52.564+05:30  INFO 87443 --- [http-nio-8080-exec-4] c.s.c.s.service.CampaignServiceImpl      : Retrieved 0 current campaigns
2023-08-14T12:58:52.408+05:30  INFO 87443 --- [SpringApplicationShutdownHook] j.LocalContainerEntityManagerFactoryBean : Closing JPA EntityManagerFactory for persistence unit 'default'
2023-08-14T12:58:52.647+05:30  WARN 87443 --- [SpringApplicationShutdownHook] o.s.b.f.support.DisposableBeanAdapter    : Invocation of destroy method failed on bean with name 'inMemoryDatabaseShutdownExecutor': org.h2.jdbc.JdbcSQLNonTransientConnectionException: Database is already closed (to disable automatic closing at VM shutdown, add ";DB_CLOSE_ON_EXIT=FALSE" to the db URL) [90121-214]
2023-08-14T12:58:52.648+05:30  INFO 87443 --- [SpringApplicationShutdownHook] com.zaxxer.hikari.HikariDataSource       : HikariPool-1 - Shutdown initiated...
2023-08-14T12:58:52.655+05:30  INFO 87443 --- [SpringApplicationShutdownHook] com.zaxxer.hikari.HikariDataSource       : HikariPool-1 - Shutdown completed.
2023-08-14T12:58:58.636+05:30  INFO 87965 --- [restartedMain] c.s.c.s.SaleCampaignApplication          : Starting SaleCampaignApplication using Java 17.0.8 with PID 87965 (/Users/user/Downloads/sale-campaign/target/classes started by user in /Users/user/Downloads/sale-campaign)
2023-08-14T12:58:58.643+05:30  INFO 87965 --- [restartedMain] c.s.c.s.SaleCampaignApplication          : No active profile set, falling back to 1 default profile: "default"
2023-08-14T12:58:58.754+05:30  INFO 87965 --- [restartedMain] .e.DevToolsPropertyDefaultsPostProcessor : Devtools property defaults active! Set 'spring.devtools.add-properties' to 'false' to disable
2023-08-14T12:58:58.754+05:30  INFO 87965 --- [restartedMain] .e.DevToolsPropertyDefaultsPostProcessor : For additional web related logging consider setting the 'logging.level.web' property to 'DEBUG'
2023-08-14T12:58:59.882+05:30  INFO 87965 --- [restartedMain] .s.d.r.c.RepositoryConfigurationDelegate : Bootstrapping Spring Data JPA repositories in DEFAULT mode.
2023-08-14T12:59:00.007+05:30  INFO 87965 --- [restartedMain] .s.d.r.c.RepositoryConfigurationDelegate : Finished Spring Data repository scanning in 116 ms. Found 3 JPA repository interfaces.
2023-08-14T12:59:01.333+05:30  INFO 87965 --- [restartedMain] o.s.b.w.embedded.tomcat.TomcatWebServer  : Tomcat initialized with port(s): 8080 (http)
2023-08-14T12:59:01.348+05:30  INFO 87965 --- [restartedMain] o.apache.catalina.core.StandardService   : Starting service [Tomcat]
2023-08-14T12:59:01.349+05:30  INFO 87965 --- [restartedMain] o.apache.catalina.core.StandardEngine    : Starting Servlet engine: [Apache Tomcat/10.1.11]
2023-08-14T12:59:01.469+05:30  INFO 87965 --- [restartedMain] o.a.c.c.C.[Tomcat].[localhost].[/]       : Initializing Spring embedded WebApplicationContext
2023-08-14T12:59:01.471+05:30  INFO 87965 --- [restartedMain] w.s.c.ServletWebServerApplicationContext : Root WebApplicationContext: initialization completed in 2715 ms
2023-08-14T12:59:01.585+05:30  INFO 87965 --- [restartedMain] com.zaxxer.hikari.HikariDataSource       : HikariPool-1 - Starting...
2023-08-14T12:59:01.752+05:30  INFO 87965 --- [restartedMain] com.zaxxer.hikari.pool.HikariPool        : HikariPool-1 - Added connection conn0: url=jdbc:h2:mem:a9823532-79d9-404e-bffb-bb424956e75a user=SA
2023-08-14T12:59:01.756+05:30  INFO 87965 --- [restartedMain] com.zaxxer.hikari.HikariDataSource       : HikariPool-1 - Start completed.
2023-08-14T12:59:01.792+05:30  INFO 87965 --- [restartedMain] o.s.b.a.h2.H2ConsoleAutoConfiguration    : H2 console available at '/h2-console'. Database available at 'jdbc:h2:mem:a9823532-79d9-404e-bffb-bb424956e75a'
2023-08-14T12:59:02.074+05:30  INFO 87965 --- [restartedMain] o.hibernate.jpa.internal.util.LogHelper  : HHH000204: Processing PersistenceUnitInfo [name: default]
2023-08-14T12:59:02.126+05:30  INFO 87965 --- [restartedMain] org.hibernate.Version                    : HHH000412: Hibernate ORM core version 6.2.6.Final
2023-08-14T12:59:02.130+05:30  INFO 87965 --- [restartedMain] org.hibernate.cfg.Environment            : HHH000406: Using bytecode reflection optimizer
2023-08-14T12:59:02.308+05:30  INFO 87965 --- [restartedMain] o.h.b.i.BytecodeProviderInitiator        : HHH000021: Bytecode provider name : bytebuddy
2023-08-14T12:59:02.425+05:30  INFO 87965 --- [restartedMain] o.s.o.j.p.SpringPersistenceUnitInfo      : No LoadTimeWeaver setup: ignoring JPA class transformer
2023-08-14T12:59:02.698+05:30  INFO 87965 --- [restartedMain] o.h.b.i.BytecodeProviderInitiator        : HHH000021: Bytecode provider name : bytebuddy
2023-08-14T12:59:03.585+05:30  INFO 87965 --- [restartedMain] o.h.e.t.j.p.i.JtaPlatformInitiator       : HHH000490: Using JtaPlatform implementation: [org.hibernate.engine.transaction.jta.platform.internal.NoJtaPlatform]
2023-08-14T12:59:03.664+05:30  INFO 87965 --- [restartedMain] j.LocalContainerEntityManagerFactoryBean : Initialized JPA EntityManagerFactory for persistence unit 'default'
2023-08-14T12:59:04.311+05:30  WARN 87965 --- [restartedMain] JpaBaseConfiguration$JpaWebConfiguration : spring.jpa.open-in-view is enabled by default. Therefore, database queries may be performed during view rendering. Explicitly configure spring.jpa.open-in-view to disable this warning
2023-08-14T12:59:04.833+05:30  INFO 87965 --- [restartedMain] o.s.b.d.a.OptionalLiveReloadServer       : LiveReload server is running on port 35729
2023-08-14T12:59:04.888+05:30  INFO 87965 --- [restartedMain] o.s.b.w.embedded.tomcat.TomcatWebServer  : Tomcat started on port(s): 8080 (http) with context path ''
2023-08-14T12:59:04.908+05:30  INFO 87965 --- [restartedMain] c.s.c.s.SaleCampaignApplication          : Started SaleCampaignApplication in 7.012 seconds (process running for 7.796)
2023-08-14T12:59:19.020+05:30  INFO 87965 --- [http-nio-8080-exec-3] o.a.c.c.C.[Tomcat].[localhost].[/]       : Initializing Spring DispatcherServlet 'dispatcherServlet'
2023-08-14T12:59:19.022+05:30  INFO 87965 --- [http-nio-8080-exec-3] o.s.web.servlet.DispatcherServlet        : Initializing Servlet 'dispatcherServlet'
2023-08-14T12:59:19.028+05:30  INFO 87965 --- [http-nio-8080-exec-3] o.s.web.servlet.DispatcherServlet        : Completed initialization in 6 ms
2023-08-14T12:59:31.721+05:30  INFO 87965 --- [http-nio-8080-exec-6] c.s.c.s.service.CampaignServiceImpl      : Retrieved 5 upcoming campaigns
2023-08-14T12:59:36.915+05:30  INFO 87965 --- [http-nio-8080-exec-4] c.s.c.s.service.CampaignServiceImpl      : Retrieved 6 campaigns
2023-08-14T12:59:46.170+05:30  INFO 87965 --- [http-nio-8080-exec-7] c.s.c.s.service.CampaignServiceImpl      : Retrieved 0 current campaigns
2023-08-14T12:59:46.178+05:30  INFO 87965 --- [http-nio-8080-exec-7] c.s.c.s.service.ProductServiceImpl       : Adjusted prices for 4 products based on active campaigns
2023-08-14T13:00:58.953+05:30  INFO 87965 --- [SpringApplicationShutdownHook] j.LocalContainerEntityManagerFactoryBean : Closing JPA EntityManagerFactory for persistence unit 'default'
2023-08-14T13:00:59.185+05:30  WARN 87965 --- [SpringApplicationShutdownHook] o.s.b.f.support.DisposableBeanAdapter    : Invocation of destroy method failed on bean with name 'inMemoryDatabaseShutdownExecutor': org.h2.jdbc.JdbcSQLNonTransientConnectionException: Database is already closed (to disable automatic closing at VM shutdown, add ";DB_CLOSE_ON_EXIT=FALSE" to the db URL) [90121-214]
2023-08-14T13:00:59.187+05:30  INFO 87965 --- [SpringApplicationShutdownHook] com.zaxxer.hikari.HikariDataSource       : HikariPool-1 - Shutdown initiated...
2023-08-14T13:00:59.191+05:30  INFO 87965 --- [SpringApplicationShutdownHook] com.zaxxer.hikari.HikariDataSource       : HikariPool-1 - Shutdown completed.
2023-08-14T13:01:03.606+05:30  INFO 88037 --- [restartedMain] c.s.c.s.SaleCampaignApplication          : Starting SaleCampaignApplication using Java 17.0.8 with PID 88037 (/Users/user/Downloads/sale-campaign/target/classes started by user in /Users/user/Downloads/sale-campaign)
2023-08-14T13:01:03.611+05:30  INFO 88037 --- [restartedMain] c.s.c.s.SaleCampaignApplication          : No active profile set, falling back to 1 default profile: "default"
2023-08-14T13:01:03.698+05:30  INFO 88037 --- [restartedMain] .e.DevToolsPropertyDefaultsPostProcessor : Devtools property defaults active! Set 'spring.devtools.add-properties' to 'false' to disable
2023-08-14T13:01:03.699+05:30  INFO 88037 --- [restartedMain] .e.DevToolsPropertyDefaultsPostProcessor : For additional web related logging consider setting the 'logging.level.web' property to 'DEBUG'
2023-08-14T13:01:04.873+05:30  INFO 88037 --- [restartedMain] .s.d.r.c.RepositoryConfigurationDelegate : Bootstrapping Spring Data JPA repositories in DEFAULT mode.
2023-08-14T13:01:04.993+05:30  INFO 88037 --- [restartedMain] .s.d.r.c.RepositoryConfigurationDelegate : Finished Spring Data repository scanning in 112 ms. Found 3 JPA repository interfaces.
2023-08-14T13:01:06.350+05:30  INFO 88037 --- [restartedMain] o.s.b.w.embedded.tomcat.TomcatWebServer  : Tomcat initialized with port(s): 8080 (http)
2023-08-14T13:01:06.365+05:30  INFO 88037 --- [restartedMain] o.apache.catalina.core.StandardService   : Starting service [Tomcat]
2023-08-14T13:01:06.366+05:30  INFO 88037 --- [restartedMain] o.apache.catalina.core.StandardEngine    : Starting Servlet engine: [Apache Tomcat/10.1.11]
2023-08-14T13:01:06.491+05:30  INFO 88037 --- [restartedMain] o.a.c.c.C.[Tomcat].[localhost].[/]       : Initializing Spring embedded WebApplicationContext
2023-08-14T13:01:06.492+05:30  INFO 88037 --- [restartedMain] w.s.c.ServletWebServerApplicationContext : Root WebApplicationContext: initialization completed in 2791 ms
2023-08-14T13:01:06.683+05:30  INFO 88037 --- [restartedMain] com.zaxxer.hikari.HikariDataSource       : HikariPool-1 - Starting...
2023-08-14T13:01:06.830+05:30  INFO 88037 --- [restartedMain] com.zaxxer.hikari.pool.HikariPool        : HikariPool-1 - Added connection conn0: url=jdbc:h2:mem:cd917ee2-150a-435d-a3a1-a2e9d4c08ffc user=SA
2023-08-14T13:01:06.832+05:30  INFO 88037 --- [restartedMain] com.zaxxer.hikari.HikariDataSource       : HikariPool-1 - Start completed.
2023-08-14T13:01:06.860+05:30  INFO 88037 --- [restartedMain] o.s.b.a.h2.H2ConsoleAutoConfiguration    : H2 console available at '/h2-console'. Database available at 'jdbc:h2:mem:cd917ee2-150a-435d-a3a1-a2e9d4c08ffc'
2023-08-14T13:01:07.141+05:30  INFO 88037 --- [restartedMain] o.hibernate.jpa.internal.util.LogHelper  : HHH000204: Processing PersistenceUnitInfo [name: default]
2023-08-14T13:01:07.180+05:30  INFO 88037 --- [restartedMain] org.hibernate.Version                    : HHH000412: Hibernate ORM core version 6.2.6.Final
2023-08-14T13:01:07.181+05:30  INFO 88037 --- [restartedMain] org.hibernate.cfg.Environment            : HHH000406: Using bytecode reflection optimizer
2023-08-14T13:01:07.352+05:30  INFO 88037 --- [restartedMain] o.h.b.i.BytecodeProviderInitiator        : HHH000021: Bytecode provider name : bytebuddy
2023-08-14T13:01:07.470+05:30  INFO 88037 --- [restartedMain] o.s.o.j.p.SpringPersistenceUnitInfo      : No LoadTimeWeaver setup: ignoring JPA class transformer
2023-08-14T13:01:07.730+05:30  INFO 88037 --- [restartedMain] o.h.b.i.BytecodeProviderInitiator        : HHH000021: Bytecode provider name : bytebuddy
2023-08-14T13:01:08.527+05:30  INFO 88037 --- [restartedMain] o.h.e.t.j.p.i.JtaPlatformInitiator       : HHH000490: Using JtaPlatform implementation: [org.hibernate.engine.transaction.jta.platform.internal.NoJtaPlatform]
2023-08-14T13:01:08.593+05:30  INFO 88037 --- [restartedMain] j.LocalContainerEntityManagerFactoryBean : Initialized JPA EntityManagerFactory for persistence unit 'default'
2023-08-14T13:01:09.214+05:30  WARN 88037 --- [restartedMain] JpaBaseConfiguration$JpaWebConfiguration : spring.jpa.open-in-view is enabled by default. Therefore, database queries may be performed during view rendering. Explicitly configure spring.jpa.open-in-view to disable this warning
2023-08-14T13:01:09.680+05:30  INFO 88037 --- [restartedMain] o.s.b.d.a.OptionalLiveReloadServer       : LiveReload server is running on port 35729
2023-08-14T13:01:09.729+05:30  INFO 88037 --- [restartedMain] o.s.b.w.embedded.tomcat.TomcatWebServer  : Tomcat started on port(s): 8080 (http) with context path ''
2023-08-14T13:01:09.752+05:30  INFO 88037 --- [restartedMain] c.s.c.s.SaleCampaignApplication          : Started SaleCampaignApplication in 6.831 seconds (process running for 7.568)
2023-08-14T13:01:21.697+05:30  INFO 88037 --- [http-nio-8080-exec-6] o.a.c.c.C.[Tomcat].[localhost].[/]       : Initializing Spring DispatcherServlet 'dispatcherServlet'
2023-08-14T13:01:21.697+05:30  INFO 88037 --- [http-nio-8080-exec-6] o.s.web.servlet.DispatcherServlet        : Initializing Servlet 'dispatcherServlet'
2023-08-14T13:01:21.701+05:30  INFO 88037 --- [http-nio-8080-exec-6] o.s.web.servlet.DispatcherServlet        : Completed initialization in 3 ms
2023-08-14T13:01:24.800+05:30  INFO 88037 --- [http-nio-8080-exec-7] c.s.c.s.service.CampaignServiceImpl      : Retrieved 5 campaigns
2023-08-14T13:01:28.897+05:30  INFO 88037 --- [http-nio-8080-exec-2] c.s.c.s.service.CampaignServiceImpl      : Retrieved 1 current campaigns
2023-08-14T13:01:28.923+05:30  INFO 88037 --- [http-nio-8080-exec-2] c.s.c.s.service.ProductServiceImpl       : Adjusted prices for 4 products based on active campaigns
2023-08-14T13:05:25.411+05:30  INFO 88037 --- [SpringApplicationShutdownHook] j.LocalContainerEntityManagerFactoryBean : Closing JPA EntityManagerFactory for persistence unit 'default'
2023-08-14T13:05:25.643+05:30  WARN 88037 --- [SpringApplicationShutdownHook] o.s.b.f.support.DisposableBeanAdapter    : Invocation of destroy method failed on bean with name 'inMemoryDatabaseShutdownExecutor': org.h2.jdbc.JdbcSQLNonTransientConnectionException: Database is already closed (to disable automatic closing at VM shutdown, add ";DB_CLOSE_ON_EXIT=FALSE" to the db URL) [90121-214]
2023-08-14T13:05:25.644+05:30  INFO 88037 --- [SpringApplicationShutdownHook] com.zaxxer.hikari.HikariDataSource       : HikariPool-1 - Shutdown initiated...
2023-08-14T13:05:25.650+05:30  INFO 88037 --- [SpringApplicationShutdownHook] com.zaxxer.hikari.HikariDataSource       : HikariPool-1 - Shutdown completed.
2023-08-14T13:05:30.214+05:30  INFO 88108 --- [restartedMain] c.s.c.s.SaleCampaignApplication          : Starting SaleCampaignApplication using Java 17.0.8 with PID 88108 (/Users/user/Downloads/sale-campaign/target/classes started by user in /Users/user/Downloads/sale-campaign)
2023-08-14T13:05:30.222+05:30  INFO 88108 --- [restartedMain] c.s.c.s.SaleCampaignApplication          : No active profile set, falling back to 1 default profile: "default"
2023-08-14T13:05:30.330+05:30  INFO 88108 --- [restartedMain] .e.DevToolsPropertyDefaultsPostProcessor : Devtools property defaults active! Set 'spring.devtools.add-properties' to 'false' to disable
2023-08-14T13:05:30.330+05:30  INFO 88108 --- [restartedMain] .e.DevToolsPropertyDefaultsPostProcessor : For additional web related logging consider setting the 'logging.level.web' property to 'DEBUG'
2023-08-14T13:05:31.457+05:30  INFO 88108 --- [restartedMain] .s.d.r.c.RepositoryConfigurationDelegate : Bootstrapping Spring Data JPA repositories in DEFAULT mode.
2023-08-14T13:05:31.582+05:30  INFO 88108 --- [restartedMain] .s.d.r.c.RepositoryConfigurationDelegate : Finished Spring Data repository scanning in 116 ms. Found 3 JPA repository interfaces.
2023-08-14T13:05:32.894+05:30  INFO 88108 --- [restartedMain] o.s.b.w.embedded.tomcat.TomcatWebServer  : Tomcat initialized with port(s): 8080 (http)
2023-08-14T13:05:32.910+05:30  INFO 88108 --- [restartedMain] o.apache.catalina.core.StandardService   : Starting service [Tomcat]
2023-08-14T13:05:32.911+05:30  INFO 88108 --- [restartedMain] o.apache.catalina.core.StandardEngine    : Starting Servlet engine: [Apache Tomcat/10.1.11]
2023-08-14T13:05:33.027+05:30  INFO 88108 --- [restartedMain] o.a.c.c.C.[Tomcat].[localhost].[/]       : Initializing Spring embedded WebApplicationContext
2023-08-14T13:05:33.027+05:30  INFO 88108 --- [restartedMain] w.s.c.ServletWebServerApplicationContext : Root WebApplicationContext: initialization completed in 2696 ms
2023-08-14T13:05:33.120+05:30  INFO 88108 --- [restartedMain] com.zaxxer.hikari.HikariDataSource       : HikariPool-1 - Starting...
2023-08-14T13:05:33.282+05:30  INFO 88108 --- [restartedMain] com.zaxxer.hikari.pool.HikariPool        : HikariPool-1 - Added connection conn0: url=jdbc:h2:mem:e1e2c274-71ef-42a7-af03-36d3d9629cea user=SA
2023-08-14T13:05:33.284+05:30  INFO 88108 --- [restartedMain] com.zaxxer.hikari.HikariDataSource       : HikariPool-1 - Start completed.
2023-08-14T13:05:33.315+05:30  INFO 88108 --- [restartedMain] o.s.b.a.h2.H2ConsoleAutoConfiguration    : H2 console available at '/h2-console'. Database available at 'jdbc:h2:mem:e1e2c274-71ef-42a7-af03-36d3d9629cea'
2023-08-14T13:05:33.601+05:30  INFO 88108 --- [restartedMain] o.hibernate.jpa.internal.util.LogHelper  : HHH000204: Processing PersistenceUnitInfo [name: default]
2023-08-14T13:05:33.639+05:30  INFO 88108 --- [restartedMain] org.hibernate.Version                    : HHH000412: Hibernate ORM core version 6.2.6.Final
2023-08-14T13:05:33.641+05:30  INFO 88108 --- [restartedMain] org.hibernate.cfg.Environment            : HHH000406: Using bytecode reflection optimizer
2023-08-14T13:05:33.808+05:30  INFO 88108 --- [restartedMain] o.h.b.i.BytecodeProviderInitiator        : HHH000021: Bytecode provider name : bytebuddy
2023-08-14T13:05:33.925+05:30  INFO 88108 --- [restartedMain] o.s.o.j.p.SpringPersistenceUnitInfo      : No LoadTimeWeaver setup: ignoring JPA class transformer
2023-08-14T13:05:34.249+05:30  INFO 88108 --- [restartedMain] o.h.b.i.BytecodeProviderInitiator        : HHH000021: Bytecode provider name : bytebuddy
2023-08-14T13:05:35.014+05:30  INFO 88108 --- [restartedMain] o.h.e.t.j.p.i.JtaPlatformInitiator       : HHH000490: Using JtaPlatform implementation: [org.hibernate.engine.transaction.jta.platform.internal.NoJtaPlatform]
2023-08-14T13:05:35.081+05:30  INFO 88108 --- [restartedMain] j.LocalContainerEntityManagerFactoryBean : Initialized JPA EntityManagerFactory for persistence unit 'default'
2023-08-14T13:05:35.742+05:30  WARN 88108 --- [restartedMain] JpaBaseConfiguration$JpaWebConfiguration : spring.jpa.open-in-view is enabled by default. Therefore, database queries may be performed during view rendering. Explicitly configure spring.jpa.open-in-view to disable this warning
2023-08-14T13:05:36.255+05:30  INFO 88108 --- [restartedMain] o.s.b.d.a.OptionalLiveReloadServer       : LiveReload server is running on port 35729
2023-08-14T13:05:36.298+05:30  INFO 88108 --- [restartedMain] o.s.b.w.embedded.tomcat.TomcatWebServer  : Tomcat started on port(s): 8080 (http) with context path ''
2023-08-14T13:05:36.319+05:30  INFO 88108 --- [restartedMain] c.s.c.s.SaleCampaignApplication          : Started SaleCampaignApplication in 6.806 seconds (process running for 7.561)
2023-08-14T13:05:42.606+05:30  INFO 88108 --- [http-nio-8080-exec-1] o.a.c.c.C.[Tomcat].[localhost].[/]       : Initializing Spring DispatcherServlet 'dispatcherServlet'
2023-08-14T13:05:42.607+05:30  INFO 88108 --- [http-nio-8080-exec-1] o.s.web.servlet.DispatcherServlet        : Initializing Servlet 'dispatcherServlet'
2023-08-14T13:05:42.612+05:30  INFO 88108 --- [http-nio-8080-exec-1] o.s.web.servlet.DispatcherServlet        : Completed initialization in 5 ms
2023-08-14T13:05:42.801+05:30  INFO 88108 --- [http-nio-8080-exec-1] c.s.c.s.service.CampaignServiceImpl      : Retrieved 1 current campaigns
2023-08-14T13:05:42.826+05:30  INFO 88108 --- [http-nio-8080-exec-1] c.s.c.s.service.ProductServiceImpl       : Adjusted prices for 4 products based on active campaigns
2023-08-14T13:05:43.870+05:30  INFO 88108 --- [http-nio-8080-exec-4] c.s.c.s.service.CampaignServiceImpl      : Retrieved 1 current campaigns
2023-08-14T13:05:43.878+05:30  INFO 88108 --- [http-nio-8080-exec-4] c.s.c.s.service.ProductServiceImpl       : Adjusted prices for 4 products based on active campaigns
2023-08-14T13:05:49.875+05:30  INFO 88108 --- [http-nio-8080-exec-2] c.s.c.s.service.CampaignServiceImpl      : Retrieved 4 campaigns
2023-08-14T13:06:01.552+05:30  INFO 88108 --- [http-nio-8080-exec-7] c.s.c.s.service.CampaignServiceImpl      : Retrieved 1 current campaigns
2023-08-14T13:06:01.565+05:30  INFO 88108 --- [http-nio-8080-exec-7] c.s.c.s.service.ProductServiceImpl       : Adjusted prices for 4 products based on active campaigns
2023-08-14T13:10:23.810+05:30  INFO 88108 --- [SpringApplicationShutdownHook] j.LocalContainerEntityManagerFactoryBean : Closing JPA EntityManagerFactory for persistence unit 'default'
2023-08-14T13:10:24.039+05:30  WARN 88108 --- [SpringApplicationShutdownHook] o.s.b.f.support.DisposableBeanAdapter    : Invocation of destroy method failed on bean with name 'inMemoryDatabaseShutdownExecutor': org.h2.jdbc.JdbcSQLNonTransientConnectionException: Database is already closed (to disable automatic closing at VM shutdown, add ";DB_CLOSE_ON_EXIT=FALSE" to the db URL) [90121-214]
2023-08-14T13:10:24.041+05:30  INFO 88108 --- [SpringApplicationShutdownHook] com.zaxxer.hikari.HikariDataSource       : HikariPool-1 - Shutdown initiated...
2023-08-14T13:10:24.045+05:30  INFO 88108 --- [SpringApplicationShutdownHook] com.zaxxer.hikari.HikariDataSource       : HikariPool-1 - Shutdown completed.
2023-08-14T13:10:30.533+05:30  INFO 88207 --- [restartedMain] c.s.c.s.SaleCampaignApplication          : Starting SaleCampaignApplication using Java 17.0.8 with PID 88207 (/Users/user/Downloads/sale-campaign/target/classes started by user in /Users/user/Downloads/sale-campaign)
2023-08-14T13:10:30.544+05:30  INFO 88207 --- [restartedMain] c.s.c.s.SaleCampaignApplication          : No active profile set, falling back to 1 default profile: "default"
2023-08-14T13:10:30.652+05:30  INFO 88207 --- [restartedMain] .e.DevToolsPropertyDefaultsPostProcessor : Devtools property defaults active! Set 'spring.devtools.add-properties' to 'false' to disable
2023-08-14T13:10:30.652+05:30  INFO 88207 --- [restartedMain] .e.DevToolsPropertyDefaultsPostProcessor : For additional web related logging consider setting the 'logging.level.web' property to 'DEBUG'
2023-08-14T13:10:31.785+05:30  INFO 88207 --- [restartedMain] .s.d.r.c.RepositoryConfigurationDelegate : Bootstrapping Spring Data JPA repositories in DEFAULT mode.
2023-08-14T13:10:31.910+05:30  INFO 88207 --- [restartedMain] .s.d.r.c.RepositoryConfigurationDelegate : Finished Spring Data repository scanning in 117 ms. Found 3 JPA repository interfaces.
2023-08-14T13:10:33.219+05:30  INFO 88207 --- [restartedMain] o.s.b.w.embedded.tomcat.TomcatWebServer  : Tomcat initialized with port(s): 8080 (http)
2023-08-14T13:10:33.236+05:30  INFO 88207 --- [restartedMain] o.apache.catalina.core.StandardService   : Starting service [Tomcat]
2023-08-14T13:10:33.236+05:30  INFO 88207 --- [restartedMain] o.apache.catalina.core.StandardEngine    : Starting Servlet engine: [Apache Tomcat/10.1.11]
2023-08-14T13:10:33.341+05:30  INFO 88207 --- [restartedMain] o.a.c.c.C.[Tomcat].[localhost].[/]       : Initializing Spring embedded WebApplicationContext
2023-08-14T13:10:33.341+05:30  INFO 88207 --- [restartedMain] w.s.c.ServletWebServerApplicationContext : Root WebApplicationContext: initialization completed in 2689 ms
2023-08-14T13:10:33.438+05:30  INFO 88207 --- [restartedMain] com.zaxxer.hikari.HikariDataSource       : HikariPool-1 - Starting...
2023-08-14T13:10:33.605+05:30  INFO 88207 --- [restartedMain] com.zaxxer.hikari.pool.HikariPool        : HikariPool-1 - Added connection conn0: url=jdbc:h2:mem:06660813-1a6a-4986-86e9-edb16f1e476b user=SA
2023-08-14T13:10:33.609+05:30  INFO 88207 --- [restartedMain] com.zaxxer.hikari.HikariDataSource       : HikariPool-1 - Start completed.
2023-08-14T13:10:33.632+05:30  INFO 88207 --- [restartedMain] o.s.b.a.h2.H2ConsoleAutoConfiguration    : H2 console available at '/h2-console'. Database available at 'jdbc:h2:mem:06660813-1a6a-4986-86e9-edb16f1e476b'
2023-08-14T13:10:33.903+05:30  INFO 88207 --- [restartedMain] o.hibernate.jpa.internal.util.LogHelper  : HHH000204: Processing PersistenceUnitInfo [name: default]
2023-08-14T13:10:33.946+05:30  INFO 88207 --- [restartedMain] org.hibernate.Version                    : HHH000412: Hibernate ORM core version 6.2.6.Final
2023-08-14T13:10:33.950+05:30  INFO 88207 --- [restartedMain] org.hibernate.cfg.Environment            : HHH000406: Using bytecode reflection optimizer
2023-08-14T13:10:34.143+05:30  INFO 88207 --- [restartedMain] o.h.b.i.BytecodeProviderInitiator        : HHH000021: Bytecode provider name : bytebuddy
2023-08-14T13:10:34.276+05:30  INFO 88207 --- [restartedMain] o.s.o.j.p.SpringPersistenceUnitInfo      : No LoadTimeWeaver setup: ignoring JPA class transformer
2023-08-14T13:10:34.704+05:30  INFO 88207 --- [restartedMain] o.h.b.i.BytecodeProviderInitiator        : HHH000021: Bytecode provider name : bytebuddy
2023-08-14T13:10:35.399+05:30  INFO 88207 --- [restartedMain] o.h.e.t.j.p.i.JtaPlatformInitiator       : HHH000490: Using JtaPlatform implementation: [org.hibernate.engine.transaction.jta.platform.internal.NoJtaPlatform]
2023-08-14T13:10:35.480+05:30  INFO 88207 --- [restartedMain] j.LocalContainerEntityManagerFactoryBean : Initialized JPA EntityManagerFactory for persistence unit 'default'
2023-08-14T13:10:36.134+05:30  WARN 88207 --- [restartedMain] JpaBaseConfiguration$JpaWebConfiguration : spring.jpa.open-in-view is enabled by default. Therefore, database queries may be performed during view rendering. Explicitly configure spring.jpa.open-in-view to disable this warning
2023-08-14T13:10:36.727+05:30  INFO 88207 --- [restartedMain] o.s.b.d.a.OptionalLiveReloadServer       : LiveReload server is running on port 35729
2023-08-14T13:10:36.770+05:30  INFO 88207 --- [restartedMain] o.s.b.w.embedded.tomcat.TomcatWebServer  : Tomcat started on port(s): 8080 (http) with context path ''
2023-08-14T13:10:36.791+05:30  INFO 88207 --- [restartedMain] c.s.c.s.SaleCampaignApplication          : Started SaleCampaignApplication in 7.015 seconds (process running for 7.852)
2023-08-14T13:10:52.303+05:30  INFO 88207 --- [http-nio-8080-exec-1] o.a.c.c.C.[Tomcat].[localhost].[/]       : Initializing Spring DispatcherServlet 'dispatcherServlet'
2023-08-14T13:10:52.304+05:30  INFO 88207 --- [http-nio-8080-exec-1] o.s.web.servlet.DispatcherServlet        : Initializing Servlet 'dispatcherServlet'
2023-08-14T13:10:52.307+05:30  INFO 88207 --- [http-nio-8080-exec-1] o.s.web.servlet.DispatcherServlet        : Completed initialization in 2 ms
2023-08-14T13:10:54.866+05:30  INFO 88207 --- [http-nio-8080-exec-4] c.s.c.s.service.CampaignServiceImpl      : Retrieved 5 campaigns
2023-08-14T13:11:03.658+05:30  INFO 88207 --- [http-nio-8080-exec-5] c.s.c.s.service.CampaignServiceImpl      : Retrieved 1 current campaigns
2023-08-14T13:11:03.677+05:30  INFO 88207 --- [http-nio-8080-exec-5] c.s.c.s.service.ProductServiceImpl       : Adjusted prices for 4 products based on active campaigns
